App/app/build/intermediates/manifest_merge_blame_file/release/processReleaseMainManifest/manifest-merger-blame-release-report.txt
1<?xml version="1.0" encoding="utf-8"?>
2<manifest xmlns:android="http://schemas.android.com/apk/res/android"
3    package="com.example.solar_bottom_view_navigation"
4    android:versionCode="1"
5    android:versionName="1.0" >
6
7    <uses-sdk
8        android:minSdkVersion="24"
9        android:targetSdkVersion="34" />
10
11    <!-- Permissions -->
12    <uses-permission android:name="android.permission.BLUETOOTH" />
12-->src/main/AndroidManifest.xml:7:5-68
12-->src/main/AndroidManifest.xml:7:22-65
13    <uses-permission android:name="android.permission.BLUETOOTH_ADMIN" />
13-->src/main/AndroidManifest.xml:8:5-74
13-->src/main/AndroidManifest.xml:8:22-71
14    <uses-permission android:name="android.permission.BLUETOOTH_SCAN" />
14-->src/main/AndroidManifest.xml:9:5-73
14-->src/main/AndroidManifest.xml:9:22-70
15    <uses-permission android:name="android.permission.BLUETOOTH_CONNECT" />
15-->src/main/AndroidManifest.xml:10:5-76
15-->src/main/AndroidManifest.xml:10:22-73
16    <uses-permission android:name="android.permission.ACCESS_FINE_LOCATION" />
16-->src/main/AndroidManifest.xml:11:5-79
16-->src/main/AndroidManifest.xml:11:22-76
17    <uses-permission android:name="android.permission.ACCESS_COARSE_LOCATION" />
17-->src/main/AndroidManifest.xml:12:5-81
17-->src/main/AndroidManifest.xml:12:22-78
18    <uses-permission android:name="android.permission.INTERNET" />
18-->src/main/AndroidManifest.xml:13:5-67
18-->src/main/AndroidManifest.xml:13:22-64
19    <uses-permission android:name="android.permission.FOREGROUND_SERVICE" />
19-->src/main/AndroidManifest.xml:14:5-77
19-->src/main/AndroidManifest.xml:14:22-74
20    <uses-permission android:name="android.permission.FOREGROUND_SERVICE_DATA_SYNC" />
20-->src/main/AndroidManifest.xml:15:5-87
20-->src/main/AndroidManifest.xml:15:22-84
21    <uses-permission android:name="android.permission.ACCESS_NETWORK_STATE" />
21-->[com.google.firebase:firebase-auth:23.0.0] AndroidManifest.xml:26:5-79
21-->[com.google.firebase:firebase-auth:23.0.0] AndroidManifest.xml:26:22-76
22    <uses-permission android:name="com.google.android.providers.gsf.permission.READ_GSERVICES" />
22-->[com.google.android.recaptcha:recaptcha:18.4.0] AndroidManifest.xml:9:5-98
22-->[com.google.android.recaptcha:recaptcha:18.4.0] AndroidManifest.xml:9:22-95
23
24    <permission
24-->[androidx.core:core:1.13.1] AndroidManifest.xml:22:5-24:47
25        android:name="com.example.solar_bottom_view_navigation.DYNAMIC_RECEIVER_NOT_EXPORTED_PERMISSION"
25-->[androidx.core:core:1.13.1] AndroidManifest.xml:23:9-81
26        android:protectionLevel="signature" />
26-->[androidx.core:core:1.13.1] AndroidManifest.xml:24:9-44
27
28    <uses-permission android:name="com.example.solar_bottom_view_navigation.DYNAMIC_RECEIVER_NOT_EXPORTED_PERMISSION" />
28-->[androidx.core:core:1.13.1] AndroidManifest.xml:26:5-97
28-->[androidx.core:core:1.13.1] AndroidManifest.xml:26:22-94
29
30    <application
30-->src/main/AndroidManifest.xml:17:5-50:19
31        android:allowBackup="true"
31-->src/main/AndroidManifest.xml:18:9-35
32        android:appComponentFactory="androidx.core.app.CoreComponentFactory"
32-->[androidx.core:core:1.13.1] AndroidManifest.xml:28:18-86
33        android:dataExtractionRules="@xml/data_extraction_rules"
33-->src/main/AndroidManifest.xml:19:9-65
34        android:extractNativeLibs="false"
35        android:fullBackupContent="@xml/backup_rules"
35-->src/main/AndroidManifest.xml:20:9-54
36        android:icon="@drawable/android_app_icon"
36-->src/main/AndroidManifest.xml:21:9-50
37        android:label="@string/app_name"
37-->src/main/AndroidManifest.xml:22:9-41
38        android:roundIcon="@mipmap/ic_launcher_round"
38-->src/main/AndroidManifest.xml:23:9-54
39        android:supportsRtl="true"
39-->src/main/AndroidManifest.xml:24:9-35
40        android:theme="@style/AppTheme" >
40-->src/main/AndroidManifest.xml:25:9-40
41
42        <!-- Schedule Service -->
43        <service
43-->src/main/AndroidManifest.xml:29:9-31:56
44            android:name="com.example.solar_bottom_view_navigation.ScheduleService"
44-->src/main/AndroidManifest.xml:30:13-44
45            android:foregroundServiceType="dataSync" />
45-->src/main/AndroidManifest.xml:31:13-53
46
47        <meta-data
47-->src/main/AndroidManifest.xml:33:9-35:76
48            android:name="com.google.android.gms.client_id"
48-->src/main/AndroidManifest.xml:34:13-60
49            android:value="solar-control-app.apps.googleusercontent.com" />
49-->src/main/AndroidManifest.xml:35:13-73
50
51        <!-- Activities -->
52        <activity
52-->src/main/AndroidManifest.xml:38:9-46:20
53            android:name="com.example.solar_bottom_view_navigation.LoginActivity"
53-->src/main/AndroidManifest.xml:39:13-42
54            android:exported="true"
54-->src/main/AndroidManifest.xml:40:13-36
55            android:label="@string/app_name" >
55-->src/main/AndroidManifest.xml:41:13-45
56            <intent-filter>
56-->src/main/AndroidManifest.xml:42:13-45:29
57                <action android:name="android.intent.action.MAIN" />
57-->src/main/AndroidManifest.xml:43:17-69
57-->src/main/AndroidManifest.xml:43:25-66
58
59                <category android:name="android.intent.category.LAUNCHER" />
59-->src/main/AndroidManifest.xml:44:17-77
59-->src/main/AndroidManifest.xml:44:27-74
60            </intent-filter>
61        </activity>
62        <activity android:name="com.example.solar_bottom_view_navigation.SignUpActivity" />
62-->src/main/AndroidManifest.xml:47:9-52
62-->src/main/AndroidManifest.xml:47:19-49
63        <activity android:name="com.example.solar_bottom_view_navigation.ForgotPasswordActivity" />
63-->src/main/AndroidManifest.xml:48:9-60
63-->src/main/AndroidManifest.xml:48:19-57
64        <activity android:name="com.example.solar_bottom_view_navigation.MainActivity" />
64-->src/main/AndroidManifest.xml:49:9-50
64-->src/main/AndroidManifest.xml:49:19-47
65
66        <service
66-->[com.google.firebase:firebase-firestore-ktx:25.1.0] AndroidManifest.xml:9:9-15:19
67            android:name="com.google.firebase.components.ComponentDiscoveryService"
67-->[com.google.firebase:firebase-firestore-ktx:25.1.0] AndroidManifest.xml:10:13-84
68            android:directBootAware="true"
68-->[com.google.firebase:firebase-common:21.0.0] AndroidManifest.xml:32:13-43
69            android:exported="false" >
69-->[com.google.firebase:firebase-firestore-ktx:25.1.0] AndroidManifest.xml:11:13-37
70            <meta-data
70-->[com.google.firebase:firebase-firestore-ktx:25.1.0] AndroidManifest.xml:12:13-14:85
71                android:name="com.google.firebase.components:com.google.firebase.firestore.ktx.FirebaseFirestoreLegacyRegistrar"
71-->[com.google.firebase:firebase-firestore-ktx:25.1.0] AndroidManifest.xml:13:17-129
72                android:value="com.google.firebase.components.ComponentRegistrar" />
72-->[com.google.firebase:firebase-firestore-ktx:25.1.0] AndroidManifest.xml:14:17-82
73            <meta-data
73-->[com.google.firebase:firebase-auth-ktx:23.0.0] AndroidManifest.xml:11:13-13:85
74                android:name="com.google.firebase.components:com.google.firebase.auth.ktx.FirebaseAuthLegacyRegistrar"
74-->[com.google.firebase:firebase-auth-ktx:23.0.0] AndroidManifest.xml:12:17-119
75                android:value="com.google.firebase.components.ComponentRegistrar" />
75-->[com.google.firebase:firebase-auth-ktx:23.0.0] AndroidManifest.xml:13:17-82
76            <meta-data
76-->[com.google.firebase:firebase-auth:23.0.0] AndroidManifest.xml:69:13-71:85
77                android:name="com.google.firebase.components:com.google.firebase.auth.FirebaseAuthRegistrar"
77-->[com.google.firebase:firebase-auth:23.0.0] AndroidManifest.xml:70:17-109
78                android:value="com.google.firebase.components.ComponentRegistrar" />
78-->[com.google.firebase:firebase-auth:23.0.0] AndroidManifest.xml:71:17-82
79            <meta-data
79-->[com.google.firebase:firebase-database:21.0.0] AndroidManifest.xml:29:13-31:85
80                android:name="com.google.firebase.components:com.google.firebase.database.FirebaseDatabaseKtxRegistrar"
80-->[com.google.firebase:firebase-database:21.0.0] AndroidManifest.xml:30:17-120
81                android:value="com.google.firebase.components.ComponentRegistrar" />
81-->[com.google.firebase:firebase-database:21.0.0] AndroidManifest.xml:31:17-82
82            <meta-data
82-->[com.google.firebase:firebase-database:21.0.0] AndroidManifest.xml:32:13-34:85
83                android:name="com.google.firebase.components:com.google.firebase.database.DatabaseRegistrar"
83-->[com.google.firebase:firebase-database:21.0.0] AndroidManifest.xml:33:17-109
84                android:value="com.google.firebase.components.ComponentRegistrar" />
84-->[com.google.firebase:firebase-database:21.0.0] AndroidManifest.xml:34:17-82
85            <meta-data
85-->[com.google.firebase:firebase-firestore:25.1.0] AndroidManifest.xml:17:13-19:85
86                android:name="com.google.firebase.components:com.google.firebase.firestore.FirebaseFirestoreKtxRegistrar"
86-->[com.google.firebase:firebase-firestore:25.1.0] AndroidManifest.xml:18:17-122
87                android:value="com.google.firebase.components.ComponentRegistrar" />
87-->[com.google.firebase:firebase-firestore:25.1.0] AndroidManifest.xml:19:17-82
88            <meta-data
88-->[com.google.firebase:firebase-firestore:25.1.0] AndroidManifest.xml:20:13-22:85
89                android:name="com.google.firebase.components:com.google.firebase.firestore.FirestoreRegistrar"
89-->[com.google.firebase:firebase-firestore:25.1.0] AndroidManifest.xml:21:17-111
90                android:value="com.google.firebase.components.ComponentRegistrar" />
90-->[com.google.firebase:firebase-firestore:25.1.0] AndroidManifest.xml:22:17-82
91            <meta-data
91-->[com.google.firebase:firebase-common-ktx:21.0.0] AndroidManifest.xml:12:13-14:85
92                android:name="com.google.firebase.components:com.google.firebase.ktx.FirebaseCommonLegacyRegistrar"
92-->[com.google.firebase:firebase-common-ktx:21.0.0] AndroidManifest.xml:13:17-116
93                android:value="com.google.firebase.components.ComponentRegistrar" />
93-->[com.google.firebase:firebase-common-ktx:21.0.0] AndroidManifest.xml:14:17-82
94            <meta-data
94-->[com.google.firebase:firebase-common:21.0.0] AndroidManifest.xml:35:13-37:85
95                android:name="com.google.firebase.components:com.google.firebase.FirebaseCommonKtxRegistrar"
95-->[com.google.firebase:firebase-common:21.0.0] AndroidManifest.xml:36:17-109
96                android:value="com.google.firebase.components.ComponentRegistrar" />
96-->[com.google.firebase:firebase-common:21.0.0] AndroidManifest.xml:37:17-82
97        </service>
98
99        <provider
99-->[androidx.emoji2:emoji2:1.2.0] AndroidManifest.xml:24:9-32:20
100            android:name="androidx.startup.InitializationProvider"
100-->[androidx.emoji2:emoji2:1.2.0] AndroidManifest.xml:25:13-67
101            android:authorities="com.example.solar_bottom_view_navigation.androidx-startup"
101-->[androidx.emoji2:emoji2:1.2.0] AndroidManifest.xml:26:13-68
102            android:exported="false" >
102-->[androidx.emoji2:emoji2:1.2.0] AndroidManifest.xml:27:13-37
103            <meta-data
103-->[androidx.emoji2:emoji2:1.2.0] AndroidManifest.xml:29:13-31:52
104                android:name="androidx.emoji2.text.EmojiCompatInitializer"
104-->[androidx.emoji2:emoji2:1.2.0] AndroidManifest.xml:30:17-75
105                android:value="androidx.startup" />
105-->[androidx.emoji2:emoji2:1.2.0] AndroidManifest.xml:31:17-49
106            <meta-data
106-->[androidx.lifecycle:lifecycle-process:2.8.4] AndroidManifest.xml:29:13-31:52
107                android:name="androidx.lifecycle.ProcessLifecycleInitializer"
107-->[androidx.lifecycle:lifecycle-process:2.8.4] AndroidManifest.xml:30:17-78
108                android:value="androidx.startup" />
108-->[androidx.lifecycle:lifecycle-process:2.8.4] AndroidManifest.xml:31:17-49
109            <meta-data
109-->[androidx.profileinstaller:profileinstaller:1.3.1] AndroidManifest.xml:29:13-31:52
110                android:name="androidx.profileinstaller.ProfileInstallerInitializer"
110-->[androidx.profileinstaller:profileinstaller:1.3.1] AndroidManifest.xml:30:17-85
111                android:value="androidx.startup" />
111-->[androidx.profileinstaller:profileinstaller:1.3.1] AndroidManifest.xml:31:17-49
112        </provider>
113
114        <activity
114-->[com.google.firebase:firebase-auth:23.0.0] AndroidManifest.xml:29:9-46:20
115            android:name="com.google.firebase.auth.internal.GenericIdpActivity"
115-->[com.google.firebase:firebase-auth:23.0.0] AndroidManifest.xml:30:13-80
116            android:excludeFromRecents="true"
116-->[com.google.firebase:firebase-auth:23.0.0] AndroidManifest.xml:31:13-46
117            android:exported="true"
117-->[com.google.firebase:firebase-auth:23.0.0] AndroidManifest.xml:32:13-36
118            android:launchMode="singleTask"
118-->[com.google.firebase:firebase-auth:23.0.0] AndroidManifest.xml:33:13-44
119            android:theme="@android:style/Theme.Translucent.NoTitleBar" >
119-->[com.google.firebase:firebase-auth:23.0.0] AndroidManifest.xml:34:13-72
120            <intent-filter>
120-->[com.google.firebase:firebase-auth:23.0.0] AndroidManifest.xml:35:13-45:29
121                <action android:name="android.intent.action.VIEW" />
121-->[com.google.firebase:firebase-auth:23.0.0] AndroidManifest.xml:36:17-69
121-->[com.google.firebase:firebase-auth:23.0.0] AndroidManifest.xml:36:25-66
122
123                <category android:name="android.intent.category.DEFAULT" />
123-->[com.google.firebase:firebase-auth:23.0.0] AndroidManifest.xml:38:17-76
123-->[com.google.firebase:firebase-auth:23.0.0] AndroidManifest.xml:38:27-73
124                <category android:name="android.intent.category.BROWSABLE" />
124-->[com.google.firebase:firebase-auth:23.0.0] AndroidManifest.xml:39:17-78
124-->[com.google.firebase:firebase-auth:23.0.0] AndroidManifest.xml:39:27-75
125
126                <data
126-->[com.google.firebase:firebase-auth:23.0.0] AndroidManifest.xml:41:17-44:51
127                    android:host="firebase.auth"
127-->[com.google.firebase:firebase-auth:23.0.0] AndroidManifest.xml:42:21-49
128                    android:path="/"
128-->[com.google.firebase:firebase-auth:23.0.0] AndroidManifest.xml:43:21-37
129                    android:scheme="genericidp" />
129-->[com.google.firebase:firebase-auth:23.0.0] AndroidManifest.xml:44:21-48
130            </intent-filter>
131        </activity>
132        <activity
132-->[com.google.firebase:firebase-auth:23.0.0] AndroidManifest.xml:47:9-64:20
133            android:name="com.google.firebase.auth.internal.RecaptchaActivity"
133-->[com.google.firebase:firebase-auth:23.0.0] AndroidManifest.xml:48:13-79
134            android:excludeFromRecents="true"
134-->[com.google.firebase:firebase-auth:23.0.0] AndroidManifest.xml:49:13-46
135            android:exported="true"
135-->[com.google.firebase:firebase-auth:23.0.0] AndroidManifest.xml:50:13-36
136            android:launchMode="singleTask"
136-->[com.google.firebase:firebase-auth:23.0.0] AndroidManifest.xml:51:13-44
137            android:theme="@android:style/Theme.Translucent.NoTitleBar" >
137-->[com.google.firebase:firebase-auth:23.0.0] AndroidManifest.xml:52:13-72
138            <intent-filter>
138-->[com.google.firebase:firebase-auth:23.0.0] AndroidManifest.xml:53:13-63:29
139                <action android:name="android.intent.action.VIEW" />
139-->[com.google.firebase:firebase-auth:23.0.0] AndroidManifest.xml:36:17-69
139-->[com.google.firebase:firebase-auth:23.0.0] AndroidManifest.xml:36:25-66
140
141                <category android:name="android.intent.category.DEFAULT" />
141-->[com.google.firebase:firebase-auth:23.0.0] AndroidManifest.xml:38:17-76
141-->[com.google.firebase:firebase-auth:23.0.0] AndroidManifest.xml:38:27-73
142                <category android:name="android.intent.category.BROWSABLE" />
142-->[com.google.firebase:firebase-auth:23.0.0] AndroidManifest.xml:39:17-78
142-->[com.google.firebase:firebase-auth:23.0.0] AndroidManifest.xml:39:27-75
143
144                <data
144-->[com.google.firebase:firebase-auth:23.0.0] AndroidManifest.xml:41:17-44:51
145                    android:host="firebase.auth"
145-->[com.google.firebase:firebase-auth:23.0.0] AndroidManifest.xml:42:21-49
146                    android:path="/"
146-->[com.google.firebase:firebase-auth:23.0.0] AndroidManifest.xml:43:21-37
147                    android:scheme="recaptcha" />
147-->[com.google.firebase:firebase-auth:23.0.0] AndroidManifest.xml:44:21-48
148            </intent-filter>
149        </activity>
150
151        <service
151-->[androidx.credentials:credentials-play-services-auth:1.2.0-rc01] AndroidManifest.xml:24:9-32:19
152            android:name="androidx.credentials.playservices.CredentialProviderMetadataHolder"
152-->[androidx.credentials:credentials-play-services-auth:1.2.0-rc01] AndroidManifest.xml:25:13-94
153            android:enabled="true"
153-->[androidx.credentials:credentials-play-services-auth:1.2.0-rc01] AndroidManifest.xml:26:13-35
154            android:exported="false" >
154-->[androidx.credentials:credentials-play-services-auth:1.2.0-rc01] AndroidManifest.xml:27:13-37
155            <meta-data
155-->[androidx.credentials:credentials-play-services-auth:1.2.0-rc01] AndroidManifest.xml:29:13-31:104
156                android:name="androidx.credentials.CREDENTIAL_PROVIDER_KEY"
156-->[androidx.credentials:credentials-play-services-auth:1.2.0-rc01] AndroidManifest.xml:30:17-76
157                android:value="androidx.credentials.playservices.CredentialProviderPlayServicesImpl" />
157-->[androidx.credentials:credentials-play-services-auth:1.2.0-rc01] AndroidManifest.xml:31:17-101
158        </service>
159
160        <activity
160-->[androidx.credentials:credentials-play-services-auth:1.2.0-rc01] AndroidManifest.xml:34:9-41:20
161            android:name="androidx.credentials.playservices.HiddenActivity"
161-->[androidx.credentials:credentials-play-services-auth:1.2.0-rc01] AndroidManifest.xml:35:13-76
162            android:configChanges="orientation|screenSize|screenLayout|keyboardHidden"
162-->[androidx.credentials:credentials-play-services-auth:1.2.0-rc01] AndroidManifest.xml:36:13-87
163            android:enabled="true"
163-->[androidx.credentials:credentials-play-services-auth:1.2.0-rc01] AndroidManifest.xml:37:13-35
164            android:exported="false"
164-->[androidx.credentials:credentials-play-services-auth:1.2.0-rc01] AndroidManifest.xml:38:13-37
165            android:fitsSystemWindows="true"
165-->[androidx.credentials:credentials-play-services-auth:1.2.0-rc01] AndroidManifest.xml:39:13-45
166            android:theme="@style/Theme.Hidden" >
166-->[androidx.credentials:credentials-play-services-auth:1.2.0-rc01] AndroidManifest.xml:40:13-48
167        </activity>
168        <activity
168-->[com.google.android.gms:play-services-auth:20.7.0] AndroidManifest.xml:23:9-27:75
169            android:name="com.google.android.gms.auth.api.signin.internal.SignInHubActivity"
169-->[com.google.android.gms:play-services-auth:20.7.0] AndroidManifest.xml:24:13-93
170            android:excludeFromRecents="true"
170-->[com.google.android.gms:play-services-auth:20.7.0] AndroidManifest.xml:25:13-46
171            android:exported="false"
171-->[com.google.android.gms:play-services-auth:20.7.0] AndroidManifest.xml:26:13-37
172            android:theme="@android:style/Theme.Translucent.NoTitleBar" />
172-->[com.google.android.gms:play-services-auth:20.7.0] AndroidManifest.xml:27:13-72
173        <!--
174            Service handling Google Sign-In user revocation. For apps that do not integrate with
175            Google Sign-In, this service will never be started.
176        -->
177        <service
177-->[com.google.android.gms:play-services-auth:20.7.0] AndroidManifest.xml:33:9-37:51
178            android:name="com.google.android.gms.auth.api.signin.RevocationBoundService"
178-->[com.google.android.gms:play-services-auth:20.7.0] AndroidManifest.xml:34:13-89
179            android:exported="true"
179-->[com.google.android.gms:play-services-auth:20.7.0] AndroidManifest.xml:35:13-36
180            android:permission="com.google.android.gms.auth.api.signin.permission.REVOCATION_NOTIFICATION"
180-->[com.google.android.gms:play-services-auth:20.7.0] AndroidManifest.xml:36:13-107
181            android:visibleToInstantApps="true" />
181-->[com.google.android.gms:play-services-auth:20.7.0] AndroidManifest.xml:37:13-48
182
183        <provider
183-->[com.google.firebase:firebase-common:21.0.0] AndroidManifest.xml:23:9-28:39
184            android:name="com.google.firebase.provider.FirebaseInitProvider"
184-->[com.google.firebase:firebase-common:21.0.0] AndroidManifest.xml:24:13-77
185            android:authorities="com.example.solar_bottom_view_navigation.firebaseinitprovider"
185-->[com.google.firebase:firebase-common:21.0.0] AndroidManifest.xml:25:13-72
186            android:directBootAware="true"
186-->[com.google.firebase:firebase-common:21.0.0] AndroidManifest.xml:26:13-43
187            android:exported="false"
187-->[com.google.firebase:firebase-common:21.0.0] AndroidManifest.xml:27:13-37
188            android:initOrder="100" />
188-->[com.google.firebase:firebase-common:21.0.0] AndroidManifest.xml:28:13-36
189
190        <activity
190-->[com.google.android.gms:play-services-base:18.1.0] AndroidManifest.xml:20:9-22:45
191            android:name="com.google.android.gms.common.api.GoogleApiActivity"
191-->[com.google.android.gms:play-services-base:18.1.0] AndroidManifest.xml:20:19-85
192            android:exported="false"
192-->[com.google.android.gms:play-services-base:18.1.0] AndroidManifest.xml:22:19-43
193            android:theme="@android:style/Theme.Translucent.NoTitleBar" />
193-->[com.google.android.gms:play-services-base:18.1.0] AndroidManifest.xml:21:19-78
194
195        <uses-library
195-->[androidx.window:window:1.0.0] AndroidManifest.xml:25:9-27:40
196            android:name="androidx.window.extensions"
196-->[androidx.window:window:1.0.0] AndroidManifest.xml:26:13-54
197            android:required="false" />
197-->[androidx.window:window:1.0.0] AndroidManifest.xml:27:13-37
198        <uses-library
198-->[androidx.window:window:1.0.0] AndroidManifest.xml:28:9-30:40
199            android:name="androidx.window.sidecar"
199-->[androidx.window:window:1.0.0] AndroidManifest.xml:29:13-51
200            android:required="false" />
200-->[androidx.window:window:1.0.0] AndroidManifest.xml:30:13-37
201
202        <meta-data
202-->[com.google.android.gms:play-services-basement:18.3.0] AndroidManifest.xml:21:9-23:69
203            android:name="com.google.android.gms.version"
203-->[com.google.android.gms:play-services-basement:18.3.0] AndroidManifest.xml:22:13-58
204            android:value="@integer/google_play_services_version" />
204-->[com.google.android.gms:play-services-basement:18.3.0] AndroidManifest.xml:23:13-66
205
206        <receiver
206-->[androidx.profileinstaller:profileinstaller:1.3.1] AndroidManifest.xml:34:9-52:20
207            android:name="androidx.profileinstaller.ProfileInstallReceiver"
207-->[androidx.profileinstaller:profileinstaller:1.3.1] AndroidManifest.xml:35:13-76
208            android:directBootAware="false"
208-->[androidx.profileinstaller:profileinstaller:1.3.1] AndroidManifest.xml:36:13-44
209            android:enabled="true"
209-->[androidx.profileinstaller:profileinstaller:1.3.1] AndroidManifest.xml:37:13-35
210            android:exported="true"
210-->[androidx.profileinstaller:profileinstaller:1.3.1] AndroidManifest.xml:38:13-36
211            android:permission="android.permission.DUMP" >
211-->[androidx.profileinstaller:profileinstaller:1.3.1] AndroidManifest.xml:39:13-57
212            <intent-filter>
212-->[androidx.profileinstaller:profileinstaller:1.3.1] AndroidManifest.xml:40:13-42:29
213                <action android:name="androidx.profileinstaller.action.INSTALL_PROFILE" />
213-->[androidx.profileinstaller:profileinstaller:1.3.1] AndroidManifest.xml:41:17-91
213-->[androidx.profileinstaller:profileinstaller:1.3.1] AndroidManifest.xml:41:25-88
214            </intent-filter>
215            <intent-filter>
215-->[androidx.profileinstaller:profileinstaller:1.3.1] AndroidManifest.xml:43:13-45:29
216                <action android:name="androidx.profileinstaller.action.SKIP_FILE" />
216-->[androidx.profileinstaller:profileinstaller:1.3.1] AndroidManifest.xml:44:17-85
216-->[androidx.profileinstaller:profileinstaller:1.3.1] AndroidManifest.xml:44:25-82
217            </intent-filter>
218            <intent-filter>
218-->[androidx.profileinstaller:profileinstaller:1.3.1] AndroidManifest.xml:46:13-48:29
219                <action android:name="androidx.profileinstaller.action.SAVE_PROFILE" />
219-->[androidx.profileinstaller:profileinstaller:1.3.1] AndroidManifest.xml:47:17-88
219-->[androidx.profileinstaller:profileinstaller:1.3.1] AndroidManifest.xml:47:25-85
220            </intent-filter>
221            <intent-filter>
221-->[androidx.profileinstaller:profileinstaller:1.3.1] AndroidManifest.xml:49:13-51:29
222                <action android:name="androidx.profileinstaller.action.BENCHMARK_OPERATION" />
222-->[androidx.profileinstaller:profileinstaller:1.3.1] AndroidManifest.xml:50:17-95
222-->[androidx.profileinstaller:profileinstaller:1.3.1] AndroidManifest.xml:50:25-92
223            </intent-filter>
224        </receiver>
225    </application>
226
227</manifest>